[1m[0;36m==========================================[0m
[1m[0;36m   Daily GitHub Contribution Updater     [0m
[1m[0;36m==========================================[0m
[1;33mDate : 2026-04-20  |  Time : 12:28:01[0m

[1;33m[1/5] Pulling latest from remote...[0m
[0;32mPull done.[0m

[1;33m[2/5] Writing today's contribution entry...[0m
[0;32mEntry added to daily_log.md[0m

[1;33m[3/5] Git Status...[0m
 M daily_log.md
?? git_cron.log

[1;33m[4/5] Staging changes...[0m
[0;32mFiles staged.[0m

[1;33m[5/5] Committing: "🟩 Daily contribution – 2026-04-20 12:28:01"[0m
[main 3f06cd7] 🟩 Daily contribution – 2026-04-20 12:28:01
 1 file changed, 7 insertions(+)

[1;33mPushing to origin/main...[0m
To https://github.com/Muthukumark98/daily-contributions.git
   d2322d1..3f06cd7  main -> main

[1m[0;32m==========================================[0m
[1m[0;32m  ✅ Contribution Pushed! Stay Green! 🟩  [0m
[1m[0;32m==========================================[0m

[1m[0;36m==========================================[0m
[1m[0;36m   Daily GitHub Contribution Updater     [0m
[1m[0;36m==========================================[0m
[1;33mDate : 2026-04-21  |  Time : 12:53:27[0m

[1;33m[1/5] Pulling latest from remote...[0m
[0;32mPull done.[0m

[1;33m[2/5] Writing today's contribution entry...[0m
[0;32mEntry added to daily_log.md[0m

[1;33m[3/5] Git Status...[0m
 M daily_log.md
?? git_cron.log

[1;33m[4/5] Staging changes...[0m
[0;32mFiles staged.[0m

[1;33m[5/5] Committing: "🟩 Daily contribution – 2026-04-21 12:53:27"[0m
[main ad76a07] 🟩 Daily contribution – 2026-04-21 12:53:27
 1 file changed, 7 insertions(+)

[1;33mPushing to origin/main...[0m
To https://github.com/Muthukumark98/daily-contributions.git
   3f06cd7..ad76a07  main -> main

[1m[0;32m==========================================[0m
[1m[0;32m  ✅ Contribution Pushed! Stay Green! 🟩  [0m
[1m[0;32m==========================================[0m

[1m[0;36m==========================================[0m
[1m[0;36m   Daily GitHub Contribution Updater     [0m
[1m[0;36m==========================================[0m
[1;33mDate : 2026-04-21  |  Time : 21:03:47[0m

[1;33m[1/5] Pulling latest from remote...[0m
[0;32mPull done.[0m

[1;33m[2/5] Writing today's contribution entry...[0m
[0;32mEntry added to daily_log.md[0m

[1;33m[3/5] Git Status...[0m
 M daily_log.md
?? git_cron.log

[1;33m[4/5] Staging changes...[0m
[0;32mFiles staged.[0m

[1;33m[5/5] Committing: "🟩 Daily contribution – 2026-04-21 21:03:47"[0m
[main 97e5c2c] 🟩 Daily contribution – 2026-04-21 21:03:47
 1 file changed, 7 insertions(+)

[1;33mPushing to origin/main...[0m
To https://github.com/Muthukumark98/daily-contributions.git
   ad76a07..97e5c2c  main -> main

[1m[0;32m==========================================[0m
[1m[0;32m  ✅ Contribution Pushed! Stay Green! 🟩  [0m
[1m[0;32m==========================================[0m

[1m[0;36m==========================================[0m
[1m[0;36m   Daily GitHub Contribution Updater     [0m
[1m[0;36m==========================================[0m
[1;33mDate : 2026-04-22  |  Time : 12:28:01[0m

[1;33m[1/5] Pulling latest from remote...[0m
[0;32mPull done.[0m

[1;33m[2/5] Writing today's contribution entry...[0m
[0;32mEntry added to daily_log.md[0m

[1;33m[3/5] Git Status...[0m
 M daily_log.md
?? git_cron.log

[1;33m[4/5] Staging changes...[0m
[0;32mFiles staged.[0m

[1;33m[5/5] Committing: "🟩 Daily contribution – 2026-04-22 12:28:01"[0m
[main 148100e] 🟩 Daily contribution – 2026-04-22 12:28:01
 1 file changed, 7 insertions(+)

[1;33mPushing to origin/main...[0m
To https://github.com/Muthukumark98/daily-contributions.git
   97e5c2c..148100e  main -> main

[1m[0;32m==========================================[0m
[1m[0;32m  ✅ Contribution Pushed! Stay Green! 🟩  [0m
[1m[0;32m==========================================[0m

[1m[0;36m==========================================[0m
[1m[0;36m   Daily GitHub Contribution Updater     [0m
[1m[0;36m==========================================[0m
[1;33mDate : 2026-04-24  |  Time : 09:00:01[0m

[1;33m[1/5] Pulling latest from remote...[0m
[0;32mPull done.[0m

[1;33m[2/5] Writing today's contribution entry...[0m
[0;32mEntry added to daily_log.md[0m

[1;33m[3/5] Git Status...[0m
 M daily_log.md
?? git_cron.log

[1;33m[4/5] Staging changes...[0m
[0;32mFiles staged.[0m

[1;33m[5/5] Committing: "🟩 Daily contribution – 2026-04-24 09:00:01"[0m
[main ea054a8] 🟩 Daily contribution – 2026-04-24 09:00:01
 1 file changed, 7 insertions(+)

[1;33mPushing to origin/main...[0m
To https://github.com/Muthukumark98/daily-contributions.git
   148100e..ea054a8  main -> main

[1m[0;32m==========================================[0m
[1m[0;32m  ✅ Contribution Pushed! Stay Green! 🟩  [0m
[1m[0;32m==========================================[0m

[1m[0;36m==========================================[0m
[1m[0;36m   Daily GitHub Contribution Updater     [0m
[1m[0;36m==========================================[0m
[1;33mDate : 2026-04-27  |  Time : 20:30:01[0m

[1;33m[1/5] Pulling latest from remote...[0m
[0;32mPull done.[0m

[1;33m[2/5] Writing today's contribution entry...[0m
[0;32mEntry added to daily_log.md[0m

[1;33m[3/5] Git Status...[0m
 M daily_log.md
?? git_cron.log

[1;33m[4/5] Staging changes...[0m
[0;32mFiles staged.[0m

[1;33m[5/5] Committing: "🟩 Daily contribution – 2026-04-27 20:30:01"[0m
[main 917f120] 🟩 Daily contribution – 2026-04-27 20:30:01
 1 file changed, 7 insertions(+)

[1;33mPushing to origin/main...[0m
To https://github.com/Muthukumark98/daily-contributions.git
   ea054a8..917f120  main -> main

[1m[0;32m==========================================[0m
[1m[0;32m  ✅ Contribution Pushed! Stay Green! 🟩  [0m
[1m[0;32m==========================================[0m

[1m[0;36m==========================================[0m
[1m[0;36m   Daily GitHub Contribution Updater     [0m
[1m[0;36m==========================================[0m
[1;33mDate : 2026-04-28  |  Time : 12:28:01[0m

[1;33m[1/5] Pulling latest from remote...[0m
[0;32mPull done.[0m

[1;33m[2/5] Writing today's contribution entry...[0m
[0;32mEntry added to daily_log.md[0m

[1;33m[3/5] Git Status...[0m
 M daily_log.md
?? git_cron.log

[1;33m[4/5] Staging changes...[0m
[0;32mFiles staged.[0m

[1;33m[5/5] Committing: "🟩 Daily contribution – 2026-04-28 12:28:01"[0m
[main bd28be7] 🟩 Daily contribution – 2026-04-28 12:28:01
 1 file changed, 7 insertions(+)

[1;33mPushing to origin/main...[0m
To https://github.com/Muthukumark98/daily-contributions.git
   917f120..bd28be7  main -> main

[1m[0;32m==========================================[0m
[1m[0;32m  ✅ Contribution Pushed! Stay Green! 🟩  [0m
[1m[0;32m==========================================[0m

